c:\users\victor fenton\documents\purduecs\cs334\a1_base_freeglut\a1_base_freeglut\x64\debug\vc143.pdb
c:\users\victor fenton\documents\purduecs\cs334\a1_base_freeglut\a1_base_freeglut\x64\debug\vc143.idb
c:\users\victor fenton\documents\purduecs\cs334\a1_base_freeglut\a1_base_freeglut\x64\debug\gl_core_3_3.obj
c:\users\victor fenton\documents\purduecs\cs334\a1_base_freeglut\a1_base_freeglut\x64\debug\scene.obj
c:\users\victor fenton\documents\purduecs\cs334\a1_base_freeglut\a1_base_freeglut\x64\debug\camera.obj
c:\users\victor fenton\documents\purduecs\cs334\a1_base_freeglut\a1_base_freeglut\x64\debug\glstate.obj
c:\users\victor fenton\documents\purduecs\cs334\a1_base_freeglut\a1_base_freeglut\x64\debug\util.obj
c:\users\victor fenton\documents\purduecs\cs334\a1_base_freeglut\a1_base_freeglut\x64\debug\mesh.obj
c:\users\victor fenton\documents\purduecs\cs334\a1_base_freeglut\a1_base_freeglut\x64\debug\main.obj
c:\users\victor fenton\documents\purduecs\cs334\final project\x64\debug\vc143.pdb
c:\users\victor fenton\documents\purduecs\cs334\final project\x64\debug\vc143.idb
c:\users\victor fenton\documents\purduecs\cs334\final project\x64\debug\glstate.obj
c:\users\victor fenton\documents\purduecs\cs334\final project\x64\debug\main.obj
c:\users\victor fenton\documents\purduecs\cs334\final project\x64\debug\gl_core_3_3.obj
c:\users\victor fenton\documents\purduecs\cs334\final project\x64\debug\scene.obj
c:\users\victor fenton\documents\purduecs\cs334\final project\x64\debug\camera.obj
c:\users\victor fenton\documents\purduecs\cs334\final project\x64\debug\util.obj
c:\users\victor fenton\documents\purduecs\cs334\final project\x64\debug\mesh.obj
c:\users\victor fenton\documents\purduecs\cs334\a1_base_freeglut\a1_base_freeglut\x64\debug\base_freeglut.exe
c:\users\victor fenton\documents\purduecs\cs334\a1_base_freeglut\a1_base_freeglut\x64\debug\base_freeglut.ilk
c:\users\victor fenton\documents\purduecs\cs334\a1_base_freeglut\a1_base_freeglut\x64\debug\base_freeglut.pdb
c:\users\victor fenton\documents\purduecs\cs334\final project\x64\debug\base_freeglut.exe
c:\users\victor fenton\documents\purduecs\cs334\final project\x64\debug\base_freeglut.ilk
c:\users\victor fenton\documents\purduecs\cs334\final project\x64\debug\base_freeglut.pdb
c:\users\victor fenton\documents\purduecs\cs334\final project\x64\debug\vc141.idb
c:\users\victor fenton\documents\purduecs\cs334\final project\x64\debug\vc141.pdb
c:\users\victor fenton\documents\purduecs\cs334\final project\x64\debug\base_freeglut.tlog\cl.command.1.tlog
c:\users\victor fenton\documents\purduecs\cs334\final project\x64\debug\base_freeglut.tlog\cl.read.1.tlog
c:\users\victor fenton\documents\purduecs\cs334\final project\x64\debug\base_freeglut.tlog\cl.write.1.tlog
c:\users\victor fenton\documents\purduecs\cs334\final project\x64\debug\base_freeglut.tlog\link.command.1.tlog
c:\users\victor fenton\documents\purduecs\cs334\final project\x64\debug\base_freeglut.tlog\link.read.1.tlog
c:\users\victor fenton\documents\purduecs\cs334\final project\x64\debug\base_freeglut.tlog\link.write.1.tlog
